<?xml version="1.0" encoding="UTF-8"?>
<!-- Generated by org.testng.reporters.JUnitReportReporter -->
<testsuite skipped="0" hostname="PC-SURAJ" name="test.ExtentReportsDemoWithTestNG" tests="2" failures="0" timestamp="2019-11-25T12:04:34 IST" time="2.712" errors="0">
  <testcase name="test1" time="2.698" classname="test.ExtentReportsDemoWithTestNG"/>
  <testcase name="test2" time="0.014" classname="test.ExtentReportsDemoWithTestNG"/>
</testsuite> <!-- test.ExtentReportsDemoWithTestNG -->
