<?xml version="1.0" encoding="UTF-8"?>
<!-- Generated by org.testng.reporters.JUnitReportReporter -->
<testsuite skipped="1" hostname="PC-SURAJ" name="demo.TestNGIgnoreDemo" tests="2" failures="0" timestamp="2019-12-02T17:06:49 IST" time="0.030" errors="0">
  <testcase name="test2" time="0.030" classname="demo.TestNGIgnoreDemo"/>
  <testcase name="test1" classname="demo.TestNGIgnoreDemo">
    <skipped/>
  </testcase> <!-- test1 -->
</testsuite> <!-- demo.TestNGIgnoreDemo -->
