<?xml version="1.0" encoding="UTF-8"?>
<!-- Generated by org.testng.reporters.JUnitReportReporter -->
<testsuite skipped="0" hostname="PC-SURAJ" name="demo.Test1" tests="1" failures="0" timestamp="2019-12-03T13:07:55 IST" time="13.131" errors="0">
  <testcase name="test1" time="13.131" classname="demo.Test1"/>
</testsuite> <!-- demo.Test1 -->
