<?xml version="1.0" encoding="UTF-8"?>
<!-- Generated by org.testng.reporters.JUnitReportReporter -->
<testsuite skipped="0" hostname="PC-SURAJ" name="demo.TestNG_GroupsDemo" tests="4" failures="0" timestamp="2019-11-29T17:03:31 IST" time="0.057" errors="0">
  <testcase name="test1" time="0.037" classname="demo.TestNG_GroupsDemo"/>
  <testcase name="test2" time="0.011" classname="demo.TestNG_GroupsDemo"/>
  <testcase name="test4" time="0.003" classname="demo.TestNG_GroupsDemo"/>
  <testcase name="test3" time="0.006" classname="demo.TestNG_GroupsDemo"/>
</testsuite> <!-- demo.TestNG_GroupsDemo -->
