<?xml version="1.0" encoding="UTF-8"?>
<!-- Generated by org.testng.reporters.JUnitReportReporter -->
<testsuite skipped="0" hostname="PC-SURAJ" name="demo.TestNGPriorityDemo" tests="3" failures="0" timestamp="2019-11-28T16:39:11 IST" time="0.145" errors="0">
  <testcase name="test1" time="0.092" classname="demo.TestNGPriorityDemo"/>
  <testcase name="test3" time="0.011" classname="demo.TestNGPriorityDemo"/>
  <testcase name="test2" time="0.042" classname="demo.TestNGPriorityDemo"/>
</testsuite> <!-- demo.TestNGPriorityDemo -->
