<?xml version="1.0" encoding="UTF-8"?>
<!-- Generated by org.testng.reporters.JUnitReportReporter -->
<testsuite skipped="1" hostname="PC-SURAJ" name="listeners.TestNGListenerDemo2" tests="3" failures="0" timestamp="2019-11-27T17:08:21 IST" time="0.018" errors="0">
  <testcase name="test4" time="0.009" classname="listeners.TestNGListenerDemo2"/>
  <testcase name="test5" time="0.005" classname="listeners.TestNGListenerDemo2"/>
  <testcase name="test6" time="0.004" classname="listeners.TestNGListenerDemo2">
    <skipped/>
  </testcase> <!-- test6 -->
</testsuite> <!-- listeners.TestNGListenerDemo2 -->
