<?xml version="1.0" encoding="UTF-8"?>
<!-- Generated by org.testng.reporters.JUnitReportReporter -->
<testsuite skipped="0" hostname="PC-SURAJ" name="test.TestNGDemo2" tests="1" failures="0" timestamp="2019-11-22T16:31:29 IST" time="7.127" errors="0">
  <testcase name="googleSearch3" time="7.127" classname="test.TestNGDemo2"/>
</testsuite> <!-- test.TestNGDemo2 -->
