<?xml version="1.0" encoding="UTF-8"?>
<!-- Generated by org.testng.reporters.JUnitReportReporter -->
<testsuite skipped="0" hostname="PC-SURAJ" name="demo.TestNGParameterDemo" tests="1" failures="0" timestamp="2019-12-02T14:24:15 IST" time="0.041" errors="0">
  <testcase name="test" time="0.041" classname="demo.TestNGParameterDemo"/>
</testsuite> <!-- demo.TestNGParameterDemo -->
