<?xml version="1.0" encoding="UTF-8"?>
<!-- Generated by org.testng.reporters.JUnitReportReporter -->
<testsuite skipped="0" hostname="PC-SURAJ" name="demo.TestNGDependencyDemo" tests="3" failures="0" timestamp="2019-12-02T16:29:31 IST" time="0.049" errors="0">
  <testcase name="test1" time="0.010" classname="demo.TestNGDependencyDemo"/>
  <testcase name="test3" time="0.005" classname="demo.TestNGDependencyDemo"/>
  <testcase name="test2" time="0.034" classname="demo.TestNGDependencyDemo"/>
</testsuite> <!-- demo.TestNGDependencyDemo -->
